# JRE version: Java(TM) SE Runtime Environment (8.0_152-b16) (build 1.8.0_152-b16)
# Java VM: Java HotSpot(TM) 64-Bit Server VM (25.152-b16 mixed mode windows-amd64 compressed oops)
Heap:
 PSYoungGen      total 73728K, used 11969K [0x000000076c180000, 0x0000000772700000, 0x00000007c0000000)
  eden space 62976K, 1% used [0x000000076c180000,0x000000076c2b6448,0x000000076ff00000)
  from space 10752K, 99% used [0x0000000770080000,0x0000000770afa040,0x0000000770b00000)
  to   space 20480K, 0% used [0x0000000771300000,0x0000000771300000,0x0000000772700000)
 ParOldGen       total 172032K, used 16975K [0x00000006c4400000, 0x00000006cec00000, 0x000000076c180000)
  object space 172032K, 9% used [0x00000006c4400000,0x00000006c5493e08,0x00000006cec00000)
 Metaspace       used 17518K, capacity 17906K, committed 18304K, reserved 1064960K
  class space    used 1974K, capacity 2060K, committed 2176K, reserved 1048576K
GC Heap History (10 events):
Event: 2.478 GC heap before
{Heap before GC invocations=1 (full 0):
 PSYoungGen      total 75264K, used 64512K [0x000000076c180000, 0x0000000771580000, 0x00000007c0000000)
  eden space 64512K, 100% used [0x000000076c180000,0x0000000770080000,0x0000000770080000)
  from space 10752K, 0% used [0x0000000770b00000,0x0000000770b00000,0x0000000771580000)
  to   space 10752K, 0% used [0x0000000770080000,0x0000000770080000,0x0000000770b00000)
 ParOldGen       total 172032K, used 0K [0x00000006c4400000, 0x00000006cec00000, 0x000000076c180000)
  object space 172032K, 0% used [0x00000006c4400000,0x00000006c4400000,0x00000006cec00000)
 Metaspace       used 11231K, capacity 11472K, committed 11776K, reserved 1058816K
  class space    used 1369K, capacity 1480K, committed 1536K, reserved 1048576K
Event: 2.484 GC heap after
Heap after GC invocations=1 (full 0):
 PSYoungGen      total 75264K, used 10098K [0x000000076c180000, 0x0000000771580000, 0x00000007c0000000)
  eden space 64512K, 0% used [0x000000076c180000,0x000000076c180000,0x0000000770080000)
  from space 10752K, 93% used [0x0000000770080000,0x0000000770a5cab8,0x0000000770b00000)
  to   space 10752K, 0% used [0x0000000770b00000,0x0000000770b00000,0x0000000771580000)
 ParOldGen       total 172032K, used 16K [0x00000006c4400000, 0x00000006cec00000, 0x000000076c180000)
  object space 172032K, 0% used [0x00000006c4400000,0x00000006c4404000,0x00000006cec00000)
 Metaspace       used 11231K, capacity 11472K, committed 11776K, reserved 1058816K
  class space    used 1369K, capacity 1480K, committed 1536K, reserved 1048576K
}
Event: 3.572 GC heap before
{Heap before GC invocations=2 (full 0):
 PSYoungGen      total 75264K, used 74610K [0x000000076c180000, 0x0000000771580000, 0x00000007c0000000)
  eden space 64512K, 100% used [0x000000076c180000,0x0000000770080000,0x0000000770080000)
  from space 10752K, 93% used [0x0000000770080000,0x0000000770a5cab8,0x0000000770b00000)
  to   space 10752K, 0% used [0x0000000770b00000,0x0000000770b00000,0x0000000771580000)
 ParOldGen       total 172032K, used 16K [0x00000006c4400000, 0x00000006cec00000, 0x000000076c180000)
  object space 172032K, 0% used [0x00000006c4400000,0x00000006c4404000,0x00000006cec00000)
 Metaspace       used 15351K, capacity 15616K, committed 15872K, reserved 1062912K
  class space    used 1830K, capacity 1947K, committed 2048K, reserved 1048576K
Event: 3.578 GC heap after
Heap after GC invocations=2 (full 0):
 PSYoungGen      total 75264K, used 9609K [0x000000076c180000, 0x0000000771580000, 0x00000007c0000000)
  eden space 64512K, 0% used [0x000000076c180000,0x000000076c180000,0x0000000770080000)
  from space 10752K, 89% used [0x0000000770b00000,0x00000007714627e0,0x0000000771580000)
  to   space 10752K, 0% used [0x0000000770080000,0x0000000770080000,0x0000000770b00000)
 ParOldGen       total 172032K, used 32K [0x00000006c4400000, 0x00000006cec00000, 0x000000076c180000)
  object space 172032K, 0% used [0x00000006c4400000,0x00000006c4408000,0x00000006cec00000)
 Metaspace       used 15351K, capacity 15616K, committed 15872K, reserved 1062912K
  class space    used 1830K, capacity 1947K, committed 2048K, reserved 1048576K
}
Event: 5.195 GC heap before
{Heap before GC invocations=3 (full 0):
 PSYoungGen      total 75264K, used 74121K [0x000000076c180000, 0x0000000771580000, 0x00000007c0000000)
  eden space 64512K, 100% used [0x000000076c180000,0x0000000770080000,0x0000000770080000)
  from space 10752K, 89% used [0x0000000770b00000,0x00000007714627e0,0x0000000771580000)
  to   space 10752K, 0% used [0x0000000770080000,0x0000000770080000,0x0000000770b00000)
 ParOldGen       total 172032K, used 32K [0x00000006c4400000, 0x00000006cec00000, 0x000000076c180000)
  object space 172032K, 0% used [0x00000006c4400000,0x00000006c4408000,0x00000006cec00000)
 Metaspace       used 16314K, capacity 16688K, committed 16896K, reserved 1064960K
  class space    used 1872K, capacity 1981K, committed 2048K, reserved 1048576K
Event: 5.202 GC heap after
Heap after GC invocations=3 (full 0):
 PSYoungGen      total 75264K, used 10744K [0x000000076c180000, 0x0000000771580000, 0x00000007c0000000)
  eden space 64512K, 0% used [0x000000076c180000,0x000000076c180000,0x0000000770080000)
  from space 10752K, 99% used [0x0000000770080000,0x0000000770afe050,0x0000000770b00000)
  to   space 10752K, 0% used [0x0000000770b00000,0x0000000770b00000,0x0000000771580000)
 ParOldGen       total 172032K, used 4432K [0x00000006c4400000, 0x00000006cec00000, 0x000000076c180000)
  object space 172032K, 2% used [0x00000006c4400000,0x00000006c4854228,0x00000006cec00000)
 Metaspace       used 16314K, capacity 16688K, committed 16896K, reserved 1064960K
  class space    used 1872K, capacity 1981K, committed 2048K, reserved 1048576K
}
Event: 6.390 GC heap before
{Heap before GC invocations=4 (full 0):
 PSYoungGen      total 75264K, used 75256K [0x000000076c180000, 0x0000000771580000, 0x00000007c0000000)
  eden space 64512K, 100% used [0x000000076c180000,0x0000000770080000,0x0000000770080000)
  from space 10752K, 99% used [0x0000000770080000,0x0000000770afe050,0x0000000770b00000)
  to   space 10752K, 0% used [0x0000000770b00000,0x0000000770b00000,0x0000000771580000)
 ParOldGen       total 172032K, used 4432K [0x00000006c4400000, 0x00000006cec00000, 0x000000076c180000)
  object space 172032K, 2% used [0x00000006c4400000,0x00000006c4854228,0x00000006cec00000)
 Metaspace       used 16587K, capacity 16916K, committed 17152K, reserved 1064960K
  class space    used 1876K, capacity 1987K, committed 2048K, reserved 1048576K
Event: 6.402 GC heap after
Heap after GC invocations=4 (full 0):
 PSYoungGen      total 75264K, used 10744K [0x000000076c180000, 0x0000000771580000, 0x00000007c0000000)
  eden space 64512K, 0% used [0x000000076c180000,0x000000076c180000,0x0000000770080000)
  from space 10752K, 99% used [0x0000000770b00000,0x000000077157e070,0x0000000771580000)
  to   space 10752K, 0% used [0x0000000770080000,0x0000000770080000,0x0000000770b00000)
 ParOldGen       total 172032K, used 11617K [0x00000006c4400000, 0x00000006cec00000, 0x000000076c180000)
  object space 172032K, 6% used [0x00000006c4400000,0x00000006c4f58530,0x00000006cec00000)
 Metaspace       used 16587K, capacity 16916K, committed 17152K, reserved 1064960K
  class space    used 1876K, capacity 1987K, committed 2048K, reserved 1048576K
}
Event: 8.063 GC heap before
{Heap before GC invocations=5 (full 0):
 PSYoungGen      total 75264K, used 75256K [0x000000076c180000, 0x0000000771580000, 0x00000007c0000000)
  eden space 64512K, 100% used [0x000000076c180000,0x0000000770080000,0x0000000770080000)
  from space 10752K, 99% used [0x0000000770b00000,0x000000077157e070,0x0000000771580000)
  to   space 10752K, 0% used [0x0000000770080000,0x0000000770080000,0x0000000770b00000)
 ParOldGen       total 172032K, used 11617K [0x00000006c4400000, 0x00000006cec00000, 0x000000076c180000)
  object space 172032K, 6% used [0x00000006c4400000,0x00000006c4f58530,0x00000006cec00000)
 Metaspace       used 17516K, capacity 17906K, committed 18304K, reserved 1064960K
  class space    used 1974K, capacity 2060K, committed 2176K, reserved 1048576K
Event: 8.074 GC heap after
Heap after GC invocations=5 (full 0):
 PSYoungGen      total 73728K, used 10728K [0x000000076c180000, 0x0000000772700000, 0x00000007c0000000)
  eden space 62976K, 0% used [0x000000076c180000,0x000000076c180000,0x000000076ff00000)
  from space 10752K, 99% used [0x0000000770080000,0x0000000770afa040,0x0000000770b00000)
  to   space 20480K, 0% used [0x0000000771300000,0x0000000771300000,0x0000000772700000)
 ParOldGen       total 172032K, used 16975K [0x00000006c4400000, 0x00000006cec00000, 0x000000076c180000)
  object space 172032K, 9% used [0x00000006c4400000,0x00000006c5493e08,0x00000006cec00000)
 Metaspace       used 17516K, capacity 17906K, committed 18304K, reserved 1064960K
  class space    used 1974K, capacity 2060K, committed 2176K, reserved 1048576K
}

